run_iterative_gap_filling;diary off
----------------------------------------------------------------------
                       Iterative gap filling                          
----------------------------------------------------------------------
Loading required data...
Starting parallel pool (parpool) using the 'local' profile ...
Connected to the parallel pool (number of workers: 20).
----------------------------------------------------------------------
Soil models for OTU composition in Schlaeppi dataset

Reading sequence similarity file...
----------------------------------------------------------------------
START
----------------------------------------------------------------------
Testing 100 random successions for 24 models

Iteration #19
Time:	5.62 min
Total number of added reactions:		883
Total number of exchanged metabolites:		469
Sum of optimal biomass fluxes:			130.92

Iteration #6
Time:	5.63 min
Total number of added reactions:		878
Total number of exchanged metabolites:		496
Sum of optimal biomass fluxes:			98.29

Iteration #3
Time:	5.66 min
Total number of added reactions:		901
Total number of exchanged metabolites:		458
Sum of optimal biomass fluxes:			115.42

Iteration #20
Time:	5.66 min
Total number of added reactions:		879
Total number of exchanged metabolites:		468
Sum of optimal biomass fluxes:			94.84

Iteration #10
Time:	5.70 min
Total number of added reactions:		918
Total number of exchanged metabolites:		450
Sum of optimal biomass fluxes:			82.43

Iteration #12
Time:	5.68 min
Total number of added reactions:		867
Total number of exchanged metabolites:		465
Sum of optimal biomass fluxes:			95.44

Iteration #15
Time:	5.68 min
Total number of added reactions:		915
Total number of exchanged metabolites:		467
Sum of optimal biomass fluxes:			102.64

Iteration #2
Time:	5.74 min
Total number of added reactions:		889
Total number of exchanged metabolites:		473
Sum of optimal biomass fluxes:			143.68

Iteration #9
Time:	5.73 min
Total number of added reactions:		918
Total number of exchanged metabolites:		459
Sum of optimal biomass fluxes:			95.28

Iteration #16
Time:	5.73 min
Total number of added reactions:		931
Total number of exchanged metabolites:		453
Sum of optimal biomass fluxes:			174.74

Iteration #11
Time:	5.75 min
Total number of added reactions:		930
Total number of exchanged metabolites:		453
Sum of optimal biomass fluxes:			102.64

Iteration #14
Time:	5.75 min
Total number of added reactions:		874
Total number of exchanged metabolites:		472
Sum of optimal biomass fluxes:			96.83

Iteration #1
Time:	5.76 min
Total number of added reactions:		891
Total number of exchanged metabolites:		461
Sum of optimal biomass fluxes:			95.44

Iteration #7
Time:	5.77 min
Total number of added reactions:		890
Total number of exchanged metabolites:		449
Sum of optimal biomass fluxes:			94.84

Iteration #13
Time:	5.76 min
Total number of added reactions:		889
Total number of exchanged metabolites:		447
Sum of optimal biomass fluxes:			91.60

Iteration #17
Time:	5.76 min
Total number of added reactions:		915
Total number of exchanged metabolites:		488
Sum of optimal biomass fluxes:			129.63

Iteration #4
Time:	5.79 min
Total number of added reactions:		918
Total number of exchanged metabolites:		464
Sum of optimal biomass fluxes:			131.92

Iteration #5
Time:	5.79 min
Total number of added reactions:		903
Total number of exchanged metabolites:		449
Sum of optimal biomass fluxes:			95.28

Iteration #8
Time:	5.81 min
Total number of added reactions:		872
Total number of exchanged metabolites:		481
Sum of optimal biomass fluxes:			95.90

Iteration #18
Time:	5.90 min
Total number of added reactions:		853
Total number of exchanged metabolites:		456
Sum of optimal biomass fluxes:			107.90

Iteration #26
Time:	5.57 min
Total number of added reactions:		853
Total number of exchanged metabolites:		495
Sum of optimal biomass fluxes:			96.64

Iteration #32
Time:	5.65 min
Total number of added reactions:		862
Total number of exchanged metabolites:		485
Sum of optimal biomass fluxes:			150.03

Iteration #60
Time:	5.70 min
Total number of added reactions:		882
Total number of exchanged metabolites:		474
Sum of optimal biomass fluxes:			97.07

Iteration #38
Time:	5.69 min
Total number of added reactions:		871
Total number of exchanged metabolites:		465
Sum of optimal biomass fluxes:			111.68

Iteration #44
Time:	5.76 min
Total number of added reactions:		912
Total number of exchanged metabolites:		475
Sum of optimal biomass fluxes:			141.76

Iteration #58
Time:	5.82 min
Total number of added reactions:		924
Total number of exchanged metabolites:		457
Sum of optimal biomass fluxes:			131.92

Iteration #50
Time:	5.81 min
Total number of added reactions:		891
Total number of exchanged metabolites:		464
Sum of optimal biomass fluxes:			150.03

Iteration #52
Time:	5.77 min
Total number of added reactions:		911
Total number of exchanged metabolites:		486
Sum of optimal biomass fluxes:			95.90

Iteration #42
Time:	5.76 min
Total number of added reactions:		919
Total number of exchanged metabolites:		462
Sum of optimal biomass fluxes:			107.90

Iteration #40
Time:	5.84 min
Total number of added reactions:		952
Total number of exchanged metabolites:		449
Sum of optimal biomass fluxes:			115.42

Iteration #34
Time:	5.78 min
Total number of added reactions:		899
Total number of exchanged metabolites:		487
Sum of optimal biomass fluxes:			98.29

Iteration #28
Time:	5.81 min
Total number of added reactions:		871
Total number of exchanged metabolites:		471
Sum of optimal biomass fluxes:			91.60

Iteration #22
Time:	5.85 min
Total number of added reactions:		893
Total number of exchanged metabolites:		467
Sum of optimal biomass fluxes:			97.07

Iteration #36
Time:	5.86 min
Total number of added reactions:		908
Total number of exchanged metabolites:		456
Sum of optimal biomass fluxes:			102.64

Iteration #48
Time:	5.90 min
Total number of added reactions:		915
Total number of exchanged metabolites:		449
Sum of optimal biomass fluxes:			98.43

Iteration #30
Time:	5.88 min
Total number of added reactions:		913
Total number of exchanged metabolites:		435
Sum of optimal biomass fluxes:			115.77

Iteration #46
Time:	5.93 min
Total number of added reactions:		917
Total number of exchanged metabolites:		491
Sum of optimal biomass fluxes:			135.53

Iteration #56
Time:	5.84 min
Total number of added reactions:		906
Total number of exchanged metabolites:		477
Sum of optimal biomass fluxes:			131.92

Iteration #54
Time:	6.01 min
Total number of added reactions:		897
Total number of exchanged metabolites:		421
Sum of optimal biomass fluxes:			97.07

Iteration #24
Time:	6.12 min
Total number of added reactions:		922
Total number of exchanged metabolites:		434
Sum of optimal biomass fluxes:			95.52

Iteration #25
Time:	5.66 min
Total number of added reactions:		892
Total number of exchanged metabolites:		473
Sum of optimal biomass fluxes:			96.83

Iteration #57
Time:	5.58 min
Total number of added reactions:		855
Total number of exchanged metabolites:		490
Sum of optimal biomass fluxes:			95.90

Iteration #59
Time:	5.71 min
Total number of added reactions:		919
Total number of exchanged metabolites:		469
Sum of optimal biomass fluxes:			123.61

Iteration #31
Time:	5.86 min
Total number of added reactions:		935
Total number of exchanged metabolites:		475
Sum of optimal biomass fluxes:			131.92

Iteration #33
Time:	5.59 min
Total number of added reactions:		885
Total number of exchanged metabolites:		477
Sum of optimal biomass fluxes:			107.90

Iteration #37
Time:	5.74 min
Total number of added reactions:		872
Total number of exchanged metabolites:		454
Sum of optimal biomass fluxes:			96.83

Iteration #39
Time:	5.62 min
Total number of added reactions:		876
Total number of exchanged metabolites:		471
Sum of optimal biomass fluxes:			91.60

Iteration #49
Time:	5.69 min
Total number of added reactions:		884
Total number of exchanged metabolites:		485
Sum of optimal biomass fluxes:			143.68

Iteration #41
Time:	5.75 min
Total number of added reactions:		869
Total number of exchanged metabolites:		501
Sum of optimal biomass fluxes:			135.53

Iteration #43
Time:	5.82 min
Total number of added reactions:		931
Total number of exchanged metabolites:		454
Sum of optimal biomass fluxes:			176.45

Iteration #51
Time:	5.78 min
Total number of added reactions:		875
Total number of exchanged metabolites:		475
Sum of optimal biomass fluxes:			91.60

Iteration #21
Time:	5.69 min
Total number of added reactions:		858
Total number of exchanged metabolites:		472
Sum of optimal biomass fluxes:			95.85

Iteration #29
Time:	5.68 min
Total number of added reactions:		873
Total number of exchanged metabolites:		486
Sum of optimal biomass fluxes:			135.53

Iteration #47
Time:	5.71 min
Total number of added reactions:		882
Total number of exchanged metabolites:		461
Sum of optimal biomass fluxes:			97.07

Iteration #35
Time:	5.76 min
Total number of added reactions:		892
Total number of exchanged metabolites:		475
Sum of optimal biomass fluxes:			95.52

Iteration #53
Time:	5.69 min
Total number of added reactions:		898
Total number of exchanged metabolites:		473
Sum of optimal biomass fluxes:			130.60

Iteration #45
Time:	5.79 min
Total number of added reactions:		893
Total number of exchanged metabolites:		492
Sum of optimal biomass fluxes:			135.90

Iteration #23
Time:	5.72 min
Total number of added reactions:		898
Total number of exchanged metabolites:		481
Sum of optimal biomass fluxes:			95.90

Iteration #27
Time:	6.04 min
Total number of added reactions:		862
Total number of exchanged metabolites:		459
Sum of optimal biomass fluxes:			102.64

Iteration #55
Time:	6.00 min
Total number of added reactions:		918
Total number of exchanged metabolites:		442
Sum of optimal biomass fluxes:			115.42

Iteration #63
Time:	5.83 min
Total number of added reactions:		899
Total number of exchanged metabolites:		466
Sum of optimal biomass fluxes:			150.03

Iteration #61
Time:	5.70 min
Total number of added reactions:		900
Total number of exchanged metabolites:		494
Sum of optimal biomass fluxes:			131.92

Iteration #76
Time:	5.61 min
Total number of added reactions:		861
Total number of exchanged metabolites:		490
Sum of optimal biomass fluxes:			115.42

Iteration #67
Time:	5.65 min
Total number of added reactions:		895
Total number of exchanged metabolites:		459
Sum of optimal biomass fluxes:			95.52

Iteration #62
Time:	5.66 min
Total number of added reactions:		883
Total number of exchanged metabolites:		465
Sum of optimal biomass fluxes:			98.43

Iteration #71
Time:	5.63 min
Total number of added reactions:		906
Total number of exchanged metabolites:		467
Sum of optimal biomass fluxes:			115.77

Iteration #69
Time:	5.76 min
Total number of added reactions:		932
Total number of exchanged metabolites:		443
Sum of optimal biomass fluxes:			181.22

Iteration #66
Time:	5.73 min
Total number of added reactions:		888
Total number of exchanged metabolites:		462
Sum of optimal biomass fluxes:			107.90

Iteration #64
Time:	5.98 min
Total number of added reactions:		901
Total number of exchanged metabolites:		453
Sum of optimal biomass fluxes:			95.28

Iteration #75
Time:	5.79 min
Total number of added reactions:		905
Total number of exchanged metabolites:		460
Sum of optimal biomass fluxes:			95.85

Iteration #78
Time:	5.83 min
Total number of added reactions:		922
Total number of exchanged metabolites:		462
Sum of optimal biomass fluxes:			149.15

Iteration #72
Time:	5.84 min
Total number of added reactions:		924
Total number of exchanged metabolites:		465
Sum of optimal biomass fluxes:			181.22

Iteration #70
Time:	5.65 min
Total number of added reactions:		883
Total number of exchanged metabolites:		472
Sum of optimal biomass fluxes:			95.85

Iteration #74
Time:	5.79 min
Total number of added reactions:		882
Total number of exchanged metabolites:		458
Sum of optimal biomass fluxes:			115.42

Iteration #73
Time:	5.83 min
Total number of added reactions:		913
Total number of exchanged metabolites:		444
Sum of optimal biomass fluxes:			115.42

Iteration #79
Time:	5.87 min
Total number of added reactions:		891
Total number of exchanged metabolites:		478
Sum of optimal biomass fluxes:			95.28

Iteration #65
Time:	6.10 min
Total number of added reactions:		901
Total number of exchanged metabolites:		426
Sum of optimal biomass fluxes:			82.43

Iteration #68
Time:	6.03 min
Total number of added reactions:		903
Total number of exchanged metabolites:		471
Sum of optimal biomass fluxes:			102.64

Iteration #77
Time:	5.83 min
Total number of added reactions:		930
Total number of exchanged metabolites:		475
Sum of optimal biomass fluxes:			98.29

Iteration #80
Time:	5.92 min
Total number of added reactions:		892
Total number of exchanged metabolites:		482
Sum of optimal biomass fluxes:			102.64

Iteration #85
Time:	5.59 min
Total number of added reactions:		889
Total number of exchanged metabolites:		495
Sum of optimal biomass fluxes:			82.43

Iteration #81
Time:	5.82 min
Total number of added reactions:		882
Total number of exchanged metabolites:		444
Sum of optimal biomass fluxes:			115.42

Iteration #84
Time:	5.78 min
Total number of added reactions:		919
Total number of exchanged metabolites:		461
Sum of optimal biomass fluxes:			92.16

Iteration #82
Time:	5.86 min
Total number of added reactions:		901
Total number of exchanged metabolites:		450
Sum of optimal biomass fluxes:			95.28

Iteration #89
Time:	5.83 min
Total number of added reactions:		912
Total number of exchanged metabolites:		457
Sum of optimal biomass fluxes:			95.28

Iteration #87
Time:	5.83 min
Total number of added reactions:		913
Total number of exchanged metabolites:		461
Sum of optimal biomass fluxes:			102.64

Iteration #86
Time:	6.05 min
Total number of added reactions:		881
Total number of exchanged metabolites:		439
Sum of optimal biomass fluxes:			115.42

Iteration #92
Time:	5.84 min
Total number of added reactions:		880
Total number of exchanged metabolites:		496
Sum of optimal biomass fluxes:			96.83

Iteration #98
Time:	5.69 min
Total number of added reactions:		900
Total number of exchanged metabolites:		480
Sum of optimal biomass fluxes:			174.74

Iteration #83
Time:	5.92 min
Total number of added reactions:		923
Total number of exchanged metabolites:		445
Sum of optimal biomass fluxes:			102.64

Iteration #90
Time:	6.00 min
Total number of added reactions:		877
Total number of exchanged metabolites:		461
Sum of optimal biomass fluxes:			95.52

Iteration #94
Time:	5.84 min
Total number of added reactions:		882
Total number of exchanged metabolites:		478
Sum of optimal biomass fluxes:			95.44

Iteration #93
Time:	5.90 min
Total number of added reactions:		912
Total number of exchanged metabolites:		458
Sum of optimal biomass fluxes:			115.77

Iteration #97
Time:	5.84 min
Total number of added reactions:		895
Total number of exchanged metabolites:		461
Sum of optimal biomass fluxes:			95.44

Iteration #95
Time:	5.86 min
Total number of added reactions:		921
Total number of exchanged metabolites:		463
Sum of optimal biomass fluxes:			115.77

Iteration #96
Time:	5.94 min
Total number of added reactions:		937
Total number of exchanged metabolites:		456
Sum of optimal biomass fluxes:			95.44

Iteration #88
Time:	5.99 min
Total number of added reactions:		930
Total number of exchanged metabolites:		457
Sum of optimal biomass fluxes:			96.83

Iteration #91
Time:	6.00 min
Total number of added reactions:		894
Total number of exchanged metabolites:		444
Sum of optimal biomass fluxes:			95.52

Iteration #99
Time:	5.88 min
Total number of added reactions:		901
Total number of exchanged metabolites:		459
Sum of optimal biomass fluxes:			111.68

Iteration #100
Time:	6.09 min
Total number of added reactions:		899
Total number of exchanged metabolites:		441
Sum of optimal biomass fluxes:			150.03

----------------------------------------------------------------------
Iterative Gap filling using the optimal succession

Preparing the universal database...

	> finished adding reactions (1s)

Starting the binary search for the gap filling LP...

	> finished binary search (9s)

Gap filling successful, adding reactions to model...

	> finished adding reactions to the model (1s)


	> 24 reaction(s) in total have been added
	> 9 of the added reactions have sequence support
	> 1 transport reaction(s) have been added
		> 1 transport reaction(s) include a metabolite with high permeability
	> 0 exchange reaction(s) have been added
	> 0 of them are allowed uptake reaction(s)
	> 23 metabolic reaction(s)
	> 2 reaction(s) have been made reversible
	> 8 metabolite(s) have been added to the model.

	Flux through biomass reaction:	 2.81

Total time: 10s

Preparing the universal database...

	> finished adding reactions (1s)

Starting the binary search for the gap filling LP...

	> finished binary search (10s)

Gap filling successful, adding reactions to model...

	> finished adding reactions to the model (0s)


	> 47 reaction(s) in total have been added
	> 12 of the added reactions have sequence support
	> 5 transport reaction(s) have been added
		> 5 transport reaction(s) include a metabolite with high permeability
	> 3 exchange reaction(s) have been added
	> 3 of them are allowed uptake reaction(s)
	> 39 metabolic reaction(s)
	> 5 reaction(s) have been made reversible
	> 18 metabolite(s) have been added to the model.

	Flux through biomass reaction:	 2.81

Total time: 11s

Preparing the universal database...

	> finished adding reactions (1s)

Starting the binary search for the gap filling LP...

	> finished binary search (8s)

Gap filling successful, adding reactions to model...

	> finished adding reactions to the model (1s)


	> 26 reaction(s) in total have been added
	> 8 of the added reactions have sequence support
	> 1 transport reaction(s) have been added
		> 1 transport reaction(s) include a metabolite with high permeability
	> 6 exchange reaction(s) have been added
	> 6 of them are allowed uptake reaction(s)
	> 19 metabolic reaction(s)
	> 4 reaction(s) have been made reversible
	> 7 metabolite(s) have been added to the model.

	Flux through biomass reaction:	 2.81

Total time: 10s

Preparing the universal database...

	> finished adding reactions (1s)

Starting the binary search for the gap filling LP...

	> finished binary search (10s)

Gap filling successful, adding reactions to model...

	> finished adding reactions to the model (0s)


	> 49 reaction(s) in total have been added
	> 18 of the added reactions have sequence support
	> 5 transport reaction(s) have been added
		> 5 transport reaction(s) include a metabolite with high permeability
	> 6 exchange reaction(s) have been added
	> 6 of them are allowed uptake reaction(s)
	> 38 metabolic reaction(s)
	> 4 reaction(s) have been made reversible
	> 15 metabolite(s) have been added to the model.

	Flux through biomass reaction:	 2.81

Total time: 12s

Preparing the universal database...

	> finished adding reactions (1s)

Starting the binary search for the gap filling LP...

	> finished binary search (9s)

Gap filling successful, adding reactions to model...

	> finished adding reactions to the model (0s)


	> 49 reaction(s) in total have been added
	> 17 of the added reactions have sequence support
	> 3 transport reaction(s) have been added
		> 3 transport reaction(s) include a metabolite with high permeability
	> 7 exchange reaction(s) have been added
	> 7 of them are allowed uptake reaction(s)
	> 39 metabolic reaction(s)
	> 3 reaction(s) have been made reversible
	> 17 metabolite(s) have been added to the model.

	Flux through biomass reaction:	 2.81

Total time: 10s

Preparing the universal database...

	> finished adding reactions (1s)

Starting the binary search for the gap filling LP...

	> finished binary search (8s)

Gap filling successful, adding reactions to model...

	> finished adding reactions to the model (0s)


	> 32 reaction(s) in total have been added
	> 11 of the added reactions have sequence support
	> 0 transport reaction(s) have been added
		> 0 transport reaction(s) include a metabolite with high permeability
	> 7 exchange reaction(s) have been added
	> 7 of them are allowed uptake reaction(s)
	> 25 metabolic reaction(s)
	> 3 reaction(s) have been made reversible
	> 14 metabolite(s) have been added to the model.

	Flux through biomass reaction:	 2.81

Total time: 10s

Preparing the universal database...

	> finished adding reactions (1s)

Starting the binary search for the gap filling LP...

	> finished binary search (9s)

Gap filling successful, adding reactions to model...

	> finished adding reactions to the model (1s)


	> 28 reaction(s) in total have been added
	> 9 of the added reactions have sequence support
	> 1 transport reaction(s) have been added
		> 1 transport reaction(s) include a metabolite with high permeability
	> 6 exchange reaction(s) have been added
	> 6 of them are allowed uptake reaction(s)
	> 21 metabolic reaction(s)
	> 3 reaction(s) have been made reversible
	> 4 metabolite(s) have been added to the model.

	Flux through biomass reaction:	 2.81

Total time: 10s

Preparing the universal database...

	> finished adding reactions (1s)

Starting the binary search for the gap filling LP...

	> finished binary search (8s)

Gap filling successful, adding reactions to model...

	> finished adding reactions to the model (0s)


	> 35 reaction(s) in total have been added
	> 16 of the added reactions have sequence support
	> 2 transport reaction(s) have been added
		> 2 transport reaction(s) include a metabolite with high permeability
	> 7 exchange reaction(s) have been added
	> 7 of them are allowed uptake reaction(s)
	> 26 metabolic reaction(s)
	> 2 reaction(s) have been made reversible
	> 8 metabolite(s) have been added to the model.

	Flux through biomass reaction:	 2.81

Total time: 10s

Preparing the universal database...

	> finished adding reactions (1s)

Starting the binary search for the gap filling LP...

	> finished binary search (9s)

Gap filling successful, adding reactions to model...

	> finished adding reactions to the model (0s)


	> 31 reaction(s) in total have been added
	> 13 of the added reactions have sequence support
	> 1 transport reaction(s) have been added
		> 1 transport reaction(s) include a metabolite with high permeability
	> 7 exchange reaction(s) have been added
	> 7 of them are allowed uptake reaction(s)
	> 23 metabolic reaction(s)
	> 1 reaction(s) have been made reversible
	> 11 metabolite(s) have been added to the model.

	Flux through biomass reaction:	 2.81

Total time: 10s

Preparing the universal database...

	> finished adding reactions (1s)

Starting the binary search for the gap filling LP...

	> finished binary search (8s)

Gap filling successful, adding reactions to model...

	> finished adding reactions to the model (0s)


	> 35 reaction(s) in total have been added
	> 11 of the added reactions have sequence support
	> 2 transport reaction(s) have been added
		> 2 transport reaction(s) include a metabolite with high permeability
	> 7 exchange reaction(s) have been added
	> 7 of them are allowed uptake reaction(s)
	> 26 metabolic reaction(s)
	> 4 reaction(s) have been made reversible
	> 8 metabolite(s) have been added to the model.

	Flux through biomass reaction:	 2.81

Total time: 9s

Preparing the universal database...

	> finished adding reactions (1s)

Starting the binary search for the gap filling LP...

	> finished binary search (9s)

Gap filling successful, adding reactions to model...

	> finished adding reactions to the model (0s)


	> 38 reaction(s) in total have been added
	> 18 of the added reactions have sequence support
	> 2 transport reaction(s) have been added
		> 2 transport reaction(s) include a metabolite with high permeability
	> 6 exchange reaction(s) have been added
	> 6 of them are allowed uptake reaction(s)
	> 30 metabolic reaction(s)
	> 2 reaction(s) have been made reversible
	> 9 metabolite(s) have been added to the model.

	Flux through biomass reaction:	 2.81

Total time: 10s

Preparing the universal database...

	> finished adding reactions (1s)

Starting the binary search for the gap filling LP...

	> finished binary search (8s)

Gap filling successful, adding reactions to model...

	> finished adding reactions to the model (0s)


	> 34 reaction(s) in total have been added
	> 12 of the added reactions have sequence support
	> 2 transport reaction(s) have been added
		> 2 transport reaction(s) include a metabolite with high permeability
	> 8 exchange reaction(s) have been added
	> 8 of them are allowed uptake reaction(s)
	> 24 metabolic reaction(s)
	> 2 reaction(s) have been made reversible
	> 8 metabolite(s) have been added to the model.

	Flux through biomass reaction:	 2.81

Total time: 10s

Preparing the universal database...

	> finished adding reactions (1s)

Starting the binary search for the gap filling LP...

	> finished binary search (9s)

Gap filling successful, adding reactions to model...

	> finished adding reactions to the model (0s)


	> 49 reaction(s) in total have been added
	> 18 of the added reactions have sequence support
	> 5 transport reaction(s) have been added
		> 5 transport reaction(s) include a metabolite with high permeability
	> 11 exchange reaction(s) have been added
	> 11 of them are allowed uptake reaction(s)
	> 33 metabolic reaction(s)
	> 4 reaction(s) have been made reversible
	> 12 metabolite(s) have been added to the model.

	Flux through biomass reaction:	 2.81

Total time: 11s

Preparing the universal database...

	> finished adding reactions (1s)

Starting the binary search for the gap filling LP...

	> finished binary search (8s)

Gap filling successful, adding reactions to model...

	> finished adding reactions to the model (0s)


	> 46 reaction(s) in total have been added
	> 19 of the added reactions have sequence support
	> 6 transport reaction(s) have been added
		> 6 transport reaction(s) include a metabolite with high permeability
	> 8 exchange reaction(s) have been added
	> 8 of them are allowed uptake reaction(s)
	> 32 metabolic reaction(s)
	> 3 reaction(s) have been made reversible
	> 17 metabolite(s) have been added to the model.

	Flux through biomass reaction:	 2.81

Total time: 10s

Preparing the universal database...

	> finished adding reactions (1s)

Starting the binary search for the gap filling LP...

	> finished binary search (8s)

Gap filling successful, adding reactions to model...

	> finished adding reactions to the model (0s)


	> 38 reaction(s) in total have been added
	> 17 of the added reactions have sequence support
	> 2 transport reaction(s) have been added
		> 2 transport reaction(s) include a metabolite with high permeability
	> 8 exchange reaction(s) have been added
	> 8 of them are allowed uptake reaction(s)
	> 28 metabolic reaction(s)
	> 2 reaction(s) have been made reversible
	> 12 metabolite(s) have been added to the model.

	Flux through biomass reaction:	 2.81

Total time: 10s

Preparing the universal database...

	> finished adding reactions (1s)

Starting the binary search for the gap filling LP...

	> finished binary search (9s)

Gap filling successful, adding reactions to model...

	> finished adding reactions to the model (0s)


	> 31 reaction(s) in total have been added
	> 12 of the added reactions have sequence support
	> 1 transport reaction(s) have been added
		> 1 transport reaction(s) include a metabolite with high permeability
	> 7 exchange reaction(s) have been added
	> 7 of them are allowed uptake reaction(s)
	> 23 metabolic reaction(s)
	> 1 reaction(s) have been made reversible
	> 11 metabolite(s) have been added to the model.

	Flux through biomass reaction:	 2.81

Total time: 10s

Preparing the universal database...

	> finished adding reactions (1s)

Starting the binary search for the gap filling LP...

	> finished binary search (8s)

Gap filling successful, adding reactions to model...

	> finished adding reactions to the model (0s)


	> 30 reaction(s) in total have been added
	> 11 of the added reactions have sequence support
	> 1 transport reaction(s) have been added
		> 1 transport reaction(s) include a metabolite with high permeability
	> 7 exchange reaction(s) have been added
	> 7 of them are allowed uptake reaction(s)
	> 22 metabolic reaction(s)
	> 1 reaction(s) have been made reversible
	> 10 metabolite(s) have been added to the model.

	Flux through biomass reaction:	 2.81

Total time: 9s

Preparing the universal database...

	> finished adding reactions (1s)

Starting the binary search for the gap filling LP...

	> finished binary search (9s)

Gap filling successful, adding reactions to model...

	> finished adding reactions to the model (1s)


	> 26 reaction(s) in total have been added
	> 5 of the added reactions have sequence support
	> 1 transport reaction(s) have been added
		> 1 transport reaction(s) include a metabolite with high permeability
	> 7 exchange reaction(s) have been added
	> 7 of them are allowed uptake reaction(s)
	> 18 metabolic reaction(s)
	> 7 reaction(s) have been made reversible
	> 5 metabolite(s) have been added to the model.

	Flux through biomass reaction:	 2.81

Total time: 10s

Preparing the universal database...

	> finished adding reactions (1s)

Starting the binary search for the gap filling LP...

	> finished binary search (9s)

Gap filling successful, adding reactions to model...

	> finished adding reactions to the model (0s)


	> 36 reaction(s) in total have been added
	> 12 of the added reactions have sequence support
	> 2 transport reaction(s) have been added
		> 2 transport reaction(s) include a metabolite with high permeability
	> 9 exchange reaction(s) have been added
	> 9 of them are allowed uptake reaction(s)
	> 25 metabolic reaction(s)
	> 2 reaction(s) have been made reversible
	> 7 metabolite(s) have been added to the model.

	Flux through biomass reaction:	 2.81

Total time: 10s

Preparing the universal database...

	> finished adding reactions (1s)

Starting the binary search for the gap filling LP...

	> finished binary search (9s)

Gap filling successful, adding reactions to model...

	> finished adding reactions to the model (0s)


	> 36 reaction(s) in total have been added
	> 10 of the added reactions have sequence support
	> 3 transport reaction(s) have been added
		> 3 transport reaction(s) include a metabolite with high permeability
	> 9 exchange reaction(s) have been added
	> 9 of them are allowed uptake reaction(s)
	> 24 metabolic reaction(s)
	> 2 reaction(s) have been made reversible
	> 9 metabolite(s) have been added to the model.

	Flux through biomass reaction:	 2.81

Total time: 10s

Preparing the universal database...

	> finished adding reactions (1s)

Starting the binary search for the gap filling LP...

	> finished binary search (8s)

Gap filling successful, adding reactions to model...

	> finished adding reactions to the model (0s)


	> 33 reaction(s) in total have been added
	> 13 of the added reactions have sequence support
	> 1 transport reaction(s) have been added
		> 1 transport reaction(s) include a metabolite with high permeability
	> 8 exchange reaction(s) have been added
	> 8 of them are allowed uptake reaction(s)
	> 24 metabolic reaction(s)
	> 3 reaction(s) have been made reversible
	> 8 metabolite(s) have been added to the model.

	Flux through biomass reaction:	 2.81

Total time: 9s

Preparing the universal database...

	> finished adding reactions (1s)

Starting the binary search for the gap filling LP...

	> finished binary search (9s)

Gap filling successful, adding reactions to model...

	> finished adding reactions to the model (0s)


	> 40 reaction(s) in total have been added
	> 16 of the added reactions have sequence support
	> 3 transport reaction(s) have been added
		> 3 transport reaction(s) include a metabolite with high permeability
	> 10 exchange reaction(s) have been added
	> 10 of them are allowed uptake reaction(s)
	> 27 metabolic reaction(s)
	> 3 reaction(s) have been made reversible
	> 14 metabolite(s) have been added to the model.

	Flux through biomass reaction:	 2.81

Total time: 10s

Preparing the universal database...

	> finished adding reactions (1s)

Starting the binary search for the gap filling LP...

	> finished binary search (9s)

Gap filling successful, adding reactions to model...

	> finished adding reactions to the model (0s)


	> 43 reaction(s) in total have been added
	> 17 of the added reactions have sequence support
	> 3 transport reaction(s) have been added
		> 3 transport reaction(s) include a metabolite with high permeability
	> 9 exchange reaction(s) have been added
	> 9 of them are allowed uptake reaction(s)
	> 31 metabolic reaction(s)
	> 3 reaction(s) have been made reversible
	> 14 metabolite(s) have been added to the model.

	Flux through biomass reaction:	 2.81

Total time: 10s

Preparing the universal database...

	> finished adding reactions (1s)

Starting the binary search for the gap filling LP...

	> finished binary search (9s)

Gap filling successful, adding reactions to model...

	> finished adding reactions to the model (1s)


	> 27 reaction(s) in total have been added
	> 9 of the added reactions have sequence support
	> 1 transport reaction(s) have been added
		> 1 transport reaction(s) include a metabolite with high permeability
	> 7 exchange reaction(s) have been added
	> 7 of them are allowed uptake reaction(s)
	> 19 metabolic reaction(s)
	> 4 reaction(s) have been made reversible
	> 5 metabolite(s) have been added to the model.

	Flux through biomass reaction:	 2.81

Total time: 10s

Time:	1h 34.28min

Translated 100.00%

----------------------------------------------------------------------
Soil models for OTU composition in Bulgarelli dataset

Reading sequence similarity file...
----------------------------------------------------------------------
START
----------------------------------------------------------------------
Testing 100 random successions for 20 models

Iteration #9
Time:	4.82 min
Total number of added reactions:		737
Total number of exchanged metabolites:		395
Sum of optimal biomass fluxes:			125.99

Iteration #11
Time:	4.82 min
Total number of added reactions:		754
Total number of exchanged metabolites:		394
Sum of optimal biomass fluxes:			70.72

Iteration #19
Time:	4.82 min
Total number of added reactions:		731
Total number of exchanged metabolites:		404
Sum of optimal biomass fluxes:			106.18

Iteration #15
Time:	4.84 min
Total number of added reactions:		750
Total number of exchanged metabolites:		393
Sum of optimal biomass fluxes:			91.40

Iteration #7
Time:	4.84 min
Total number of added reactions:		730
Total number of exchanged metabolites:		387
Sum of optimal biomass fluxes:			88.46

Iteration #18
Time:	4.90 min
Total number of added reactions:		762
Total number of exchanged metabolites:		404
Sum of optimal biomass fluxes:			70.72

Iteration #20
Time:	4.91 min
Total number of added reactions:		767
Total number of exchanged metabolites:		380
Sum of optimal biomass fluxes:			125.99

Iteration #1
Time:	4.92 min
Total number of added reactions:		764
Total number of exchanged metabolites:		372
Sum of optimal biomass fluxes:			84.36

Iteration #6
Time:	4.93 min
Total number of added reactions:		730
Total number of exchanged metabolites:		380
Sum of optimal biomass fluxes:			85.83

Iteration #17
Time:	4.94 min
Total number of added reactions:		737
Total number of exchanged metabolites:		388
Sum of optimal biomass fluxes:			96.66

Iteration #16
Time:	4.94 min
Total number of added reactions:		807
Total number of exchanged metabolites:		371
Sum of optimal biomass fluxes:			115.26

Iteration #3
Time:	4.97 min
Total number of added reactions:		803
Total number of exchanged metabolites:		378
Sum of optimal biomass fluxes:			106.18

Iteration #2
Time:	5.01 min
Total number of added reactions:		742
Total number of exchanged metabolites:		369
Sum of optimal biomass fluxes:			88.46

Iteration #5
Time:	5.01 min
Total number of added reactions:		800
Total number of exchanged metabolites:		365
Sum of optimal biomass fluxes:			80.20

Iteration #14
Time:	5.06 min
Total number of added reactions:		771
Total number of exchanged metabolites:		373
Sum of optimal biomass fluxes:			96.66

Iteration #8
Time:	5.08 min
Total number of added reactions:		750
Total number of exchanged metabolites:		366
Sum of optimal biomass fluxes:			80.54

Iteration #10
Time:	5.11 min
Total number of added reactions:		765
Total number of exchanged metabolites:		358
Sum of optimal biomass fluxes:			84.36

Iteration #13
Time:	5.10 min
Total number of added reactions:		779
Total number of exchanged metabolites:		343
Sum of optimal biomass fluxes:			88.46

Iteration #4
Time:	5.12 min
Total number of added reactions:		771
Total number of exchanged metabolites:		369
Sum of optimal biomass fluxes:			80.54

Iteration #12
Time:	5.21 min
Total number of added reactions:		797
Total number of exchanged metabolites:		366
Sum of optimal biomass fluxes:			106.18

Iteration #42
Time:	4.87 min
Total number of added reactions:		769
Total number of exchanged metabolites:		387
Sum of optimal biomass fluxes:			94.43

Iteration #34
Time:	4.90 min
Total number of added reactions:		776
Total number of exchanged metabolites:		378
Sum of optimal biomass fluxes:			120.68

Iteration #50
Time:	4.90 min
Total number of added reactions:		767
Total number of exchanged metabolites:		389
Sum of optimal biomass fluxes:			106.18

Iteration #38
Time:	4.94 min
Total number of added reactions:		746
Total number of exchanged metabolites:		386
Sum of optimal biomass fluxes:			83.60

Iteration #26
Time:	4.79 min
Total number of added reactions:		754
Total number of exchanged metabolites:		393
Sum of optimal biomass fluxes:			96.66

Iteration #58
Time:	4.94 min
Total number of added reactions:		813
Total number of exchanged metabolites:		359
Sum of optimal biomass fluxes:			113.92

Iteration #60
Time:	4.87 min
Total number of added reactions:		744
Total number of exchanged metabolites:		382
Sum of optimal biomass fluxes:			83.96

Iteration #56
Time:	4.99 min
Total number of added reactions:		766
Total number of exchanged metabolites:		378
Sum of optimal biomass fluxes:			138.79

Iteration #32
Time:	4.99 min
Total number of added reactions:		767
Total number of exchanged metabolites:		401
Sum of optimal biomass fluxes:			125.99

Iteration #22
Time:	5.01 min
Total number of added reactions:		783
Total number of exchanged metabolites:		361
Sum of optimal biomass fluxes:			108.28

Iteration #30
Time:	4.93 min
Total number of added reactions:		756
Total number of exchanged metabolites:		373
Sum of optimal biomass fluxes:			104.18

Iteration #52
Time:	5.02 min
Total number of added reactions:		781
Total number of exchanged metabolites:		376
Sum of optimal biomass fluxes:			116.78

Iteration #48
Time:	4.93 min
Total number of added reactions:		774
Total number of exchanged metabolites:		370
Sum of optimal biomass fluxes:			96.66

Iteration #24
Time:	5.03 min
Total number of added reactions:		747
Total number of exchanged metabolites:		382
Sum of optimal biomass fluxes:			138.79

Iteration #40
Time:	4.98 min
Total number of added reactions:		748
Total number of exchanged metabolites:		381
Sum of optimal biomass fluxes:			91.40

Iteration #54
Time:	5.15 min
Total number of added reactions:		761
Total number of exchanged metabolites:		371
Sum of optimal biomass fluxes:			91.40

Iteration #36
Time:	5.02 min
Total number of added reactions:		749
Total number of exchanged metabolites:		367
Sum of optimal biomass fluxes:			104.18

Iteration #28
Time:	5.02 min
Total number of added reactions:		773
Total number of exchanged metabolites:		374
Sum of optimal biomass fluxes:			83.60

Iteration #46
Time:	5.19 min
Total number of added reactions:		787
Total number of exchanged metabolites:		367
Sum of optimal biomass fluxes:			80.20

Iteration #44
Time:	5.16 min
Total number of added reactions:		772
Total number of exchanged metabolites:		401
Sum of optimal biomass fluxes:			91.40

Iteration #41
Time:	4.87 min
Total number of added reactions:		766
Total number of exchanged metabolites:		382
Sum of optimal biomass fluxes:			132.85

Iteration #33
Time:	4.88 min
Total number of added reactions:		753
Total number of exchanged metabolites:		378
Sum of optimal biomass fluxes:			121.54

Iteration #37
Time:	4.86 min
Total number of added reactions:		749
Total number of exchanged metabolites:		386
Sum of optimal biomass fluxes:			84.36

Iteration #25
Time:	4.94 min
Total number of added reactions:		769
Total number of exchanged metabolites:		374
Sum of optimal biomass fluxes:			88.46

Iteration #49
Time:	4.96 min
Total number of added reactions:		743
Total number of exchanged metabolites:		377
Sum of optimal biomass fluxes:			83.60

Iteration #31
Time:	4.78 min
Total number of added reactions:		748
Total number of exchanged metabolites:		377
Sum of optimal biomass fluxes:			84.36

Iteration #59
Time:	4.96 min
Total number of added reactions:		773
Total number of exchanged metabolites:		374
Sum of optimal biomass fluxes:			118.95

Iteration #23
Time:	4.83 min
Total number of added reactions:		735
Total number of exchanged metabolites:		399
Sum of optimal biomass fluxes:			94.43

Iteration #55
Time:	5.03 min
Total number of added reactions:		774
Total number of exchanged metabolites:		365
Sum of optimal biomass fluxes:			116.70

Iteration #57
Time:	5.14 min
Total number of added reactions:		778
Total number of exchanged metabolites:		352
Sum of optimal biomass fluxes:			84.20

Iteration #39
Time:	4.86 min
Total number of added reactions:		745
Total number of exchanged metabolites:		379
Sum of optimal biomass fluxes:			118.52

Iteration #53
Time:	4.94 min
Total number of added reactions:		728
Total number of exchanged metabolites:		397
Sum of optimal biomass fluxes:			85.83

Iteration #29
Time:	5.11 min
Total number of added reactions:		768
Total number of exchanged metabolites:		360
Sum of optimal biomass fluxes:			83.60

Iteration #35
Time:	4.98 min
Total number of added reactions:		784
Total number of exchanged metabolites:		387
Sum of optimal biomass fluxes:			70.72

Iteration #27
Time:	4.98 min
Total number of added reactions:		769
Total number of exchanged metabolites:		406
Sum of optimal biomass fluxes:			106.18

Iteration #47
Time:	5.15 min
Total number of added reactions:		739
Total number of exchanged metabolites:		378
Sum of optimal biomass fluxes:			91.40

Iteration #21
Time:	5.23 min
Total number of added reactions:		775
Total number of exchanged metabolites:		345
Sum of optimal biomass fluxes:			85.83

Iteration #51
Time:	5.20 min
Total number of added reactions:		764
Total number of exchanged metabolites:		359
Sum of optimal biomass fluxes:			83.60

Iteration #45
Time:	5.07 min
Total number of added reactions:		742
Total number of exchanged metabolites:		392
Sum of optimal biomass fluxes:			84.20

Iteration #43
Time:	5.11 min
Total number of added reactions:		777
Total number of exchanged metabolites:		380
Sum of optimal biomass fluxes:			125.99

Iteration #62
Time:	4.95 min
Total number of added reactions:		752
Total number of exchanged metabolites:		365
Sum of optimal biomass fluxes:			88.46

Iteration #72
Time:	4.97 min
Total number of added reactions:		757
Total number of exchanged metabolites:		391
Sum of optimal biomass fluxes:			125.99

Iteration #61
Time:	5.13 min
Total number of added reactions:		783
Total number of exchanged metabolites:		378
Sum of optimal biomass fluxes:			125.99

Iteration #64
Time:	5.00 min
Total number of added reactions:		734
Total number of exchanged metabolites:		365
Sum of optimal biomass fluxes:			94.43

Iteration #69
Time:	5.04 min
Total number of added reactions:		762
Total number of exchanged metabolites:		368
Sum of optimal biomass fluxes:			84.36

Iteration #63
Time:	4.84 min
Total number of added reactions:		732
Total number of exchanged metabolites:		401
Sum of optimal biomass fluxes:			94.43

Iteration #65
Time:	5.16 min
Total number of added reactions:		776
Total number of exchanged metabolites:		392
Sum of optimal biomass fluxes:			80.54

Iteration #66
Time:	4.89 min
Total number of added reactions:		737
Total number of exchanged metabolites:		402
Sum of optimal biomass fluxes:			94.43

Iteration #67
Time:	5.19 min
Total number of added reactions:		762
Total number of exchanged metabolites:		355
Sum of optimal biomass fluxes:			84.36

Iteration #73
Time:	5.14 min
Total number of added reactions:		755
Total number of exchanged metabolites:		384
Sum of optimal biomass fluxes:			125.99

Iteration #68
Time:	4.93 min
Total number of added reactions:		767
Total number of exchanged metabolites:		397
Sum of optimal biomass fluxes:			80.20

Iteration #76
Time:	5.02 min
Total number of added reactions:		732
Total number of exchanged metabolites:		388
Sum of optimal biomass fluxes:			91.40

Iteration #70
Time:	5.10 min
Total number of added reactions:		806
Total number of exchanged metabolites:		356
Sum of optimal biomass fluxes:			111.07

Iteration #74
Time:	5.11 min
Total number of added reactions:		768
Total number of exchanged metabolites:		376
Sum of optimal biomass fluxes:			124.41

Iteration #78
Time:	5.23 min
Total number of added reactions:		786
Total number of exchanged metabolites:		339
Sum of optimal biomass fluxes:			84.36

Iteration #75
Time:	5.03 min
Total number of added reactions:		728
Total number of exchanged metabolites:		376
Sum of optimal biomass fluxes:			84.20

Iteration #71
Time:	5.01 min
Total number of added reactions:		750
Total number of exchanged metabolites:		393
Sum of optimal biomass fluxes:			125.99

Iteration #77
Time:	4.99 min
Total number of added reactions:		763
Total number of exchanged metabolites:		372
Sum of optimal biomass fluxes:			85.83

Iteration #79
Time:	5.26 min
Total number of added reactions:		755
Total number of exchanged metabolites:		376
Sum of optimal biomass fluxes:			125.99

Iteration #80
Time:	4.99 min
Total number of added reactions:		765
Total number of exchanged metabolites:		388
Sum of optimal biomass fluxes:			85.83

Iteration #82
Time:	4.89 min
Total number of added reactions:		750
Total number of exchanged metabolites:		378
Sum of optimal biomass fluxes:			85.83

Iteration #85
Time:	4.81 min
Total number of added reactions:		732
Total number of exchanged metabolites:		417
Sum of optimal biomass fluxes:			70.72

Iteration #83
Time:	4.83 min
Total number of added reactions:		786
Total number of exchanged metabolites:		379
Sum of optimal biomass fluxes:			118.05

Iteration #86
Time:	4.88 min
Total number of added reactions:		737
Total number of exchanged metabolites:		391
Sum of optimal biomass fluxes:			83.60

Iteration #81
Time:	5.03 min
Total number of added reactions:		745
Total number of exchanged metabolites:		374
Sum of optimal biomass fluxes:			84.36

Iteration #89
Time:	4.98 min
Total number of added reactions:		813
Total number of exchanged metabolites:		360
Sum of optimal biomass fluxes:			111.07

Iteration #90
Time:	5.04 min
Total number of added reactions:		734
Total number of exchanged metabolites:		397
Sum of optimal biomass fluxes:			106.18

Iteration #84
Time:	5.18 min
Total number of added reactions:		799
Total number of exchanged metabolites:		389
Sum of optimal biomass fluxes:			80.20

Iteration #87
Time:	4.97 min
Total number of added reactions:		752
Total number of exchanged metabolites:		400
Sum of optimal biomass fluxes:			138.79

Iteration #94
Time:	4.92 min
Total number of added reactions:		774
Total number of exchanged metabolites:		384
Sum of optimal biomass fluxes:			98.73

Iteration #88
Time:	5.06 min
Total number of added reactions:		777
Total number of exchanged metabolites:		374
Sum of optimal biomass fluxes:			125.99

Iteration #97
Time:	5.04 min
Total number of added reactions:		775
Total number of exchanged metabolites:		371
Sum of optimal biomass fluxes:			88.46

Iteration #91
Time:	4.97 min
Total number of added reactions:		790
Total number of exchanged metabolites:		374
Sum of optimal biomass fluxes:			80.20

Iteration #96
Time:	5.03 min
Total number of added reactions:		773
Total number of exchanged metabolites:		370
Sum of optimal biomass fluxes:			96.66

Iteration #93
Time:	5.12 min
Total number of added reactions:		758
Total number of exchanged metabolites:		392
Sum of optimal biomass fluxes:			106.18

Iteration #98
Time:	5.09 min
Total number of added reactions:		765
Total number of exchanged metabolites:		348
Sum of optimal biomass fluxes:			85.83

Iteration #92
Time:	5.16 min
Total number of added reactions:		760
Total number of exchanged metabolites:		372
Sum of optimal biomass fluxes:			138.79

Iteration #99
Time:	5.02 min
Total number of added reactions:		781
Total number of exchanged metabolites:		364
Sum of optimal biomass fluxes:			100.44

Iteration #95
Time:	5.05 min
Total number of added reactions:		762
Total number of exchanged metabolites:		371
Sum of optimal biomass fluxes:			104.18

Iteration #100
Time:	5.05 min
Total number of added reactions:		751
Total number of exchanged metabolites:		392
Sum of optimal biomass fluxes:			106.18

----------------------------------------------------------------------
Iterative Gap filling using the optimal succession

Preparing the universal database...

	> finished adding reactions (1s)

Starting the binary search for the gap filling LP...

	> finished binary search (9s)

Gap filling successful, adding reactions to model...

	> finished adding reactions to the model (0s)


	> 20 reaction(s) in total have been added
	> 9 of the added reactions have sequence support
	> 1 transport reaction(s) have been added
		> 1 transport reaction(s) include a metabolite with high permeability
	> 0 exchange reaction(s) have been added
	> 0 of them are allowed uptake reaction(s)
	> 19 metabolic reaction(s)
	> 1 reaction(s) have been made reversible
	> 4 metabolite(s) have been added to the model.

	Flux through biomass reaction:	 2.81

Total time: 10s

Preparing the universal database...

	> finished adding reactions (1s)

Starting the binary search for the gap filling LP...

	> finished binary search (12s)

Gap filling successful, adding reactions to model...

	> finished adding reactions to the model (0s)


	> 45 reaction(s) in total have been added
	> 20 of the added reactions have sequence support
	> 4 transport reaction(s) have been added
		> 4 transport reaction(s) include a metabolite with high permeability
	> 3 exchange reaction(s) have been added
	> 3 of them are allowed uptake reaction(s)
	> 38 metabolic reaction(s)
	> 3 reaction(s) have been made reversible
	> 19 metabolite(s) have been added to the model.

	Flux through biomass reaction:	 2.81

Total time: 13s

Preparing the universal database...

	> finished adding reactions (1s)

Starting the binary search for the gap filling LP...

	> finished binary search (9s)

Gap filling successful, adding reactions to model...

	> finished adding reactions to the model (0s)


	> 37 reaction(s) in total have been added
	> 19 of the added reactions have sequence support
	> 2 transport reaction(s) have been added
		> 2 transport reaction(s) include a metabolite with high permeability
	> 5 exchange reaction(s) have been added
	> 5 of them are allowed uptake reaction(s)
	> 30 metabolic reaction(s)
	> 3 reaction(s) have been made reversible
	> 12 metabolite(s) have been added to the model.

	Flux through biomass reaction:	 2.81

Total time: 10s

Preparing the universal database...

	> finished adding reactions (1s)

Starting the binary search for the gap filling LP...

	> finished binary search (8s)

Gap filling successful, adding reactions to model...

	> finished adding reactions to the model (0s)


	> 43 reaction(s) in total have been added
	> 17 of the added reactions have sequence support
	> 2 transport reaction(s) have been added
		> 2 transport reaction(s) include a metabolite with high permeability
	> 8 exchange reaction(s) have been added
	> 8 of them are allowed uptake reaction(s)
	> 33 metabolic reaction(s)
	> 5 reaction(s) have been made reversible
	> 13 metabolite(s) have been added to the model.

	Flux through biomass reaction:	 2.81

Total time: 10s

Preparing the universal database...

	> finished adding reactions (1s)

Starting the binary search for the gap filling LP...

	> finished binary search (9s)

Gap filling successful, adding reactions to model...

	> finished adding reactions to the model (0s)


	> 30 reaction(s) in total have been added
	> 9 of the added reactions have sequence support
	> 0 transport reaction(s) have been added
		> 0 transport reaction(s) include a metabolite with high permeability
	> 7 exchange reaction(s) have been added
	> 7 of them are allowed uptake reaction(s)
	> 23 metabolic reaction(s)
	> 2 reaction(s) have been made reversible
	> 13 metabolite(s) have been added to the model.

	Flux through biomass reaction:	 2.81

Total time: 10s

Preparing the universal database...

	> finished adding reactions (1s)

Starting the binary search for the gap filling LP...

	> finished binary search (8s)

Gap filling successful, adding reactions to model...

	> finished adding reactions to the model (0s)


	> 35 reaction(s) in total have been added
	> 14 of the added reactions have sequence support
	> 2 transport reaction(s) have been added
		> 2 transport reaction(s) include a metabolite with high permeability
	> 7 exchange reaction(s) have been added
	> 7 of them are allowed uptake reaction(s)
	> 26 metabolic reaction(s)
	> 4 reaction(s) have been made reversible
	> 8 metabolite(s) have been added to the model.

	Flux through biomass reaction:	 2.81

Total time: 10s

Preparing the universal database...

	> finished adding reactions (1s)

Starting the binary search for the gap filling LP...

	> finished binary search (9s)

Gap filling successful, adding reactions to model...

	> finished adding reactions to the model (0s)


	> 33 reaction(s) in total have been added
	> 14 of the added reactions have sequence support
	> 1 transport reaction(s) have been added
		> 1 transport reaction(s) include a metabolite with high permeability
	> 6 exchange reaction(s) have been added
	> 6 of them are allowed uptake reaction(s)
	> 26 metabolic reaction(s)
	> 2 reaction(s) have been made reversible
	> 12 metabolite(s) have been added to the model.

	Flux through biomass reaction:	 2.81

Total time: 11s

Preparing the universal database...

	> finished adding reactions (1s)

Starting the binary search for the gap filling LP...

	> finished binary search (9s)

Gap filling successful, adding reactions to model...

	> finished adding reactions to the model (0s)


	> 39 reaction(s) in total have been added
	> 19 of the added reactions have sequence support
	> 2 transport reaction(s) have been added
		> 2 transport reaction(s) include a metabolite with high permeability
	> 6 exchange reaction(s) have been added
	> 6 of them are allowed uptake reaction(s)
	> 31 metabolic reaction(s)
	> 2 reaction(s) have been made reversible
	> 9 metabolite(s) have been added to the model.

	Flux through biomass reaction:	 2.81

Total time: 10s

Preparing the universal database...

	> finished adding reactions (1s)

Starting the binary search for the gap filling LP...

	> finished binary search (9s)

Gap filling successful, adding reactions to model...

	> finished adding reactions to the model (0s)


	> 28 reaction(s) in total have been added
	> 10 of the added reactions have sequence support
	> 0 transport reaction(s) have been added
		> 0 transport reaction(s) include a metabolite with high permeability
	> 6 exchange reaction(s) have been added
	> 6 of them are allowed uptake reaction(s)
	> 22 metabolic reaction(s)
	> 1 reaction(s) have been made reversible
	> 9 metabolite(s) have been added to the model.

	Flux through biomass reaction:	 2.81

Total time: 10s

Preparing the universal database...

	> finished adding reactions (1s)

Starting the binary search for the gap filling LP...

	> finished binary search (9s)

Gap filling successful, adding reactions to model...

	> finished adding reactions to the model (1s)


	> 24 reaction(s) in total have been added
	> 6 of the added reactions have sequence support
	> 0 transport reaction(s) have been added
		> 0 transport reaction(s) include a metabolite with high permeability
	> 7 exchange reaction(s) have been added
	> 7 of them are allowed uptake reaction(s)
	> 17 metabolic reaction(s)
	> 5 reaction(s) have been made reversible
	> 5 metabolite(s) have been added to the model.

	Flux through biomass reaction:	 2.81

Total time: 10s

Preparing the universal database...

	> finished adding reactions (1s)

Starting the binary search for the gap filling LP...

	> finished binary search (9s)

Gap filling successful, adding reactions to model...

	> finished adding reactions to the model (0s)


	> 48 reaction(s) in total have been added
	> 22 of the added reactions have sequence support
	> 3 transport reaction(s) have been added
		> 3 transport reaction(s) include a metabolite with high permeability
	> 8 exchange reaction(s) have been added
	> 8 of them are allowed uptake reaction(s)
	> 37 metabolic reaction(s)
	> 3 reaction(s) have been made reversible
	> 10 metabolite(s) have been added to the model.

	Flux through biomass reaction:	 2.81

Total time: 10s

Preparing the universal database...

	> finished adding reactions (1s)

Starting the binary search for the gap filling LP...

	> finished binary search (9s)

Gap filling successful, adding reactions to model...

	> finished adding reactions to the model (0s)


	> 33 reaction(s) in total have been added
	> 10 of the added reactions have sequence support
	> 1 transport reaction(s) have been added
		> 1 transport reaction(s) include a metabolite with high permeability
	> 7 exchange reaction(s) have been added
	> 7 of them are allowed uptake reaction(s)
	> 25 metabolic reaction(s)
	> 3 reaction(s) have been made reversible
	> 8 metabolite(s) have been added to the model.

	Flux through biomass reaction:	 2.81

Total time: 10s

Preparing the universal database...

	> finished adding reactions (1s)

Starting the binary search for the gap filling LP...

	> finished binary search (8s)

Gap filling successful, adding reactions to model...

	> finished adding reactions to the model (0s)


	> 49 reaction(s) in total have been added
	> 16 of the added reactions have sequence support
	> 2 transport reaction(s) have been added
		> 2 transport reaction(s) include a metabolite with high permeability
	> 7 exchange reaction(s) have been added
	> 7 of them are allowed uptake reaction(s)
	> 40 metabolic reaction(s)
	> 4 reaction(s) have been made reversible
	> 15 metabolite(s) have been added to the model.

	Flux through biomass reaction:	 2.81

Total time: 10s

Preparing the universal database...

	> finished adding reactions (1s)

Starting the binary search for the gap filling LP...

	> finished binary search (10s)

Gap filling successful, adding reactions to model...

	> finished adding reactions to the model (0s)


	> 51 reaction(s) in total have been added
	> 15 of the added reactions have sequence support
	> 6 transport reaction(s) have been added
		> 6 transport reaction(s) include a metabolite with high permeability
	> 11 exchange reaction(s) have been added
	> 11 of them are allowed uptake reaction(s)
	> 34 metabolic reaction(s)
	> 5 reaction(s) have been made reversible
	> 12 metabolite(s) have been added to the model.

	Flux through biomass reaction:	 2.81

Total time: 12s

Preparing the universal database...

	> finished adding reactions (1s)

Starting the binary search for the gap filling LP...

	> finished binary search (9s)

Gap filling successful, adding reactions to model...

	> finished adding reactions to the model (1s)


	> 27 reaction(s) in total have been added
	> 8 of the added reactions have sequence support
	> 1 transport reaction(s) have been added
		> 1 transport reaction(s) include a metabolite with high permeability
	> 6 exchange reaction(s) have been added
	> 6 of them are allowed uptake reaction(s)
	> 20 metabolic reaction(s)
	> 5 reaction(s) have been made reversible
	> 5 metabolite(s) have been added to the model.

	Flux through biomass reaction:	 2.81

Total time: 10s

Preparing the universal database...

	> finished adding reactions (1s)

Starting the binary search for the gap filling LP...

	> finished binary search (9s)

Gap filling successful, adding reactions to model...

	> finished adding reactions to the model (0s)


	> 44 reaction(s) in total have been added
	> 16 of the added reactions have sequence support
	> 3 transport reaction(s) have been added
		> 3 transport reaction(s) include a metabolite with high permeability
	> 9 exchange reaction(s) have been added
	> 9 of them are allowed uptake reaction(s)
	> 32 metabolic reaction(s)
	> 3 reaction(s) have been made reversible
	> 17 metabolite(s) have been added to the model.

	Flux through biomass reaction:	 2.81

Total time: 10s

Preparing the universal database...

	> finished adding reactions (1s)

Starting the binary search for the gap filling LP...

	> finished binary search (8s)

Gap filling successful, adding reactions to model...

	> finished adding reactions to the model (0s)


	> 42 reaction(s) in total have been added
	> 14 of the added reactions have sequence support
	> 5 transport reaction(s) have been added
		> 5 transport reaction(s) include a metabolite with high permeability
	> 7 exchange reaction(s) have been added
	> 7 of them are allowed uptake reaction(s)
	> 30 metabolic reaction(s)
	> 4 reaction(s) have been made reversible
	> 14 metabolite(s) have been added to the model.

	Flux through biomass reaction:	 2.81

Total time: 10s

Preparing the universal database...

	> finished adding reactions (1s)

Starting the binary search for the gap filling LP...

	> finished binary search (9s)

Gap filling successful, adding reactions to model...

	> finished adding reactions to the model (0s)


	> 31 reaction(s) in total have been added
	> 13 of the added reactions have sequence support
	> 1 transport reaction(s) have been added
		> 1 transport reaction(s) include a metabolite with high permeability
	> 7 exchange reaction(s) have been added
	> 7 of them are allowed uptake reaction(s)
	> 23 metabolic reaction(s)
	> 1 reaction(s) have been made reversible
	> 11 metabolite(s) have been added to the model.

	Flux through biomass reaction:	 2.81

Total time: 10s

Preparing the universal database...

	> finished adding reactions (1s)

Starting the binary search for the gap filling LP...

	> finished binary search (11s)

Gap filling successful, adding reactions to model...

	> finished adding reactions to the model (0s)


	> 48 reaction(s) in total have been added
	> 17 of the added reactions have sequence support
	> 4 transport reaction(s) have been added
		> 4 transport reaction(s) include a metabolite with high permeability
	> 7 exchange reaction(s) have been added
	> 7 of them are allowed uptake reaction(s)
	> 37 metabolic reaction(s)
	> 4 reaction(s) have been made reversible
	> 14 metabolite(s) have been added to the model.

	Flux through biomass reaction:	 2.81

Total time: 12s

Preparing the universal database...

	> finished adding reactions (1s)

Starting the binary search for the gap filling LP...

	> finished binary search (9s)

Gap filling successful, adding reactions to model...

	> finished adding reactions to the model (1s)


	> 26 reaction(s) in total have been added
	> 6 of the added reactions have sequence support
	> 1 transport reaction(s) have been added
		> 1 transport reaction(s) include a metabolite with high permeability
	> 7 exchange reaction(s) have been added
	> 7 of them are allowed uptake reaction(s)
	> 18 metabolic reaction(s)
	> 6 reaction(s) have been made reversible
	> 5 metabolite(s) have been added to the model.

	Flux through biomass reaction:	 2.81

Total time: 10s

Time:	0h 29.42min

Translated 100.00%

