clear;clc
gap_fill_individual_models
----------------------------------------------------------------------
START
----------------------------------------------------------------------
Loading required data...
-----------------------------------
Starting gap filling of 32 models

######	Soil522

Preparing the universal database...

	> finished adding reactions (2s)

Starting the binary search for the gap filling LP...

	> finished binary search (11s)

Gap filling successful, adding reactions to model...

	> finished adding reactions to the model (2s)


	> 6 reaction(s) in total have been added
	> 1 of the added reactions have sequence support
	> 1 transport reaction(s) have been added
		> 1 transport reaction(s) include a metabolite with high permeability
	> 0 exchange reaction(s) have been added
	> 0 of them are allowed uptake reaction(s)
	> 5 metabolic reaction(s)
	> 1 reaction(s) have been made reversible
	> 2 metabolite(s) have been added to the model.

	Flux through biomass reaction:	 2.81

Total time: 15s
---------------
######	Soil531

Preparing the universal database...

	> finished adding reactions (2s)

Starting the binary search for the gap filling LP...

	> finished binary search (11s)

Gap filling successful, adding reactions to model...

	> finished adding reactions to the model (3s)


	> 6 reaction(s) in total have been added
	> 1 of the added reactions have sequence support
	> 1 transport reaction(s) have been added
		> 1 transport reaction(s) include a metabolite with high permeability
	> 0 exchange reaction(s) have been added
	> 0 of them are allowed uptake reaction(s)
	> 5 metabolic reaction(s)
	> 1 reaction(s) have been made reversible
	> 2 metabolite(s) have been added to the model.

	Flux through biomass reaction:	 2.81

Total time: 16s
---------------
######	Soil535

Preparing the universal database...

	> finished adding reactions (2s)

Starting the binary search for the gap filling LP...

	> finished binary search (11s)

Gap filling successful, adding reactions to model...

	> finished adding reactions to the model (2s)


	> 7 reaction(s) in total have been added
	> 1 of the added reactions have sequence support
	> 1 transport reaction(s) have been added
		> 1 transport reaction(s) include a metabolite with high permeability
	> 0 exchange reaction(s) have been added
	> 0 of them are allowed uptake reaction(s)
	> 6 metabolic reaction(s)
	> 3 reaction(s) have been made reversible
	> 2 metabolite(s) have been added to the model.

	Flux through biomass reaction:	 2.81

Total time: 14s
---------------
######	Soil538

Preparing the universal database...

	> finished adding reactions (2s)

Starting the binary search for the gap filling LP...

	> finished binary search (13s)

Gap filling successful, adding reactions to model...

	> finished adding reactions to the model (4s)


	> 6 reaction(s) in total have been added
	> 0 of the added reactions have sequence support
	> 1 transport reaction(s) have been added
		> 1 transport reaction(s) include a metabolite with high permeability
	> 0 exchange reaction(s) have been added
	> 0 of them are allowed uptake reaction(s)
	> 5 metabolic reaction(s)
	> 3 reaction(s) have been made reversible
	> 2 metabolite(s) have been added to the model.

	Flux through biomass reaction:	 2.81

Total time: 18s
---------------
######	Soil724D2

Preparing the universal database...

	> finished adding reactions (2s)

Starting the binary search for the gap filling LP...

	> finished binary search (13s)

Gap filling successful, adding reactions to model...

	> finished adding reactions to the model (2s)


	> 6 reaction(s) in total have been added
	> 0 of the added reactions have sequence support
	> 1 transport reaction(s) have been added
		> 1 transport reaction(s) include a metabolite with high permeability
	> 0 exchange reaction(s) have been added
	> 0 of them are allowed uptake reaction(s)
	> 5 metabolic reaction(s)
	> 2 reaction(s) have been made reversible
	> 2 metabolite(s) have been added to the model.

	Flux through biomass reaction:	 2.81

Total time: 18s
---------------
######	Soil728

Preparing the universal database...

	> finished adding reactions (2s)

Starting the binary search for the gap filling LP...

	> finished binary search (11s)

Gap filling successful, adding reactions to model...

	> finished adding reactions to the model (2s)


	> 6 reaction(s) in total have been added
	> 1 of the added reactions have sequence support
	> 1 transport reaction(s) have been added
		> 1 transport reaction(s) include a metabolite with high permeability
	> 0 exchange reaction(s) have been added
	> 0 of them are allowed uptake reaction(s)
	> 5 metabolic reaction(s)
	> 1 reaction(s) have been made reversible
	> 3 metabolite(s) have been added to the model.

	Flux through biomass reaction:	 2.81

Total time: 14s
---------------
######	Soil729

Preparing the universal database...

	> finished adding reactions (2s)

Starting the binary search for the gap filling LP...

	> finished binary search (12s)

Gap filling successful, adding reactions to model...

	> finished adding reactions to the model (3s)


	> 7 reaction(s) in total have been added
	> 0 of the added reactions have sequence support
	> 1 transport reaction(s) have been added
		> 1 transport reaction(s) include a metabolite with high permeability
	> 0 exchange reaction(s) have been added
	> 0 of them are allowed uptake reaction(s)
	> 6 metabolic reaction(s)
	> 3 reaction(s) have been made reversible
	> 2 metabolite(s) have been added to the model.

	Flux through biomass reaction:	 2.81

Total time: 16s
---------------
######	Soil736

Preparing the universal database...

	> finished adding reactions (2s)

Starting the binary search for the gap filling LP...

	> finished binary search (12s)

Gap filling successful, adding reactions to model...

	> finished adding reactions to the model (3s)


	> 6 reaction(s) in total have been added
	> 1 of the added reactions have sequence support
	> 1 transport reaction(s) have been added
		> 1 transport reaction(s) include a metabolite with high permeability
	> 0 exchange reaction(s) have been added
	> 0 of them are allowed uptake reaction(s)
	> 5 metabolic reaction(s)
	> 1 reaction(s) have been made reversible
	> 3 metabolite(s) have been added to the model.

	Flux through biomass reaction:	 2.81

Total time: 17s
---------------
######	Soil745

Preparing the universal database...

	> finished adding reactions (2s)

Starting the binary search for the gap filling LP...

	> finished binary search (12s)

Gap filling successful, adding reactions to model...

	> finished adding reactions to the model (3s)


	> 6 reaction(s) in total have been added
	> 0 of the added reactions have sequence support
	> 1 transport reaction(s) have been added
		> 1 transport reaction(s) include a metabolite with high permeability
	> 0 exchange reaction(s) have been added
	> 0 of them are allowed uptake reaction(s)
	> 5 metabolic reaction(s)
	> 2 reaction(s) have been made reversible
	> 3 metabolite(s) have been added to the model.

	Flux through biomass reaction:	 2.81

Total time: 17s
---------------
######	Soil748

Preparing the universal database...

	> finished adding reactions (2s)

Starting the binary search for the gap filling LP...

	> finished binary search (11s)

Gap filling successful, adding reactions to model...

	> finished adding reactions to the model (2s)


	> 8 reaction(s) in total have been added
	> 0 of the added reactions have sequence support
	> 1 transport reaction(s) have been added
		> 1 transport reaction(s) include a metabolite with high permeability
	> 0 exchange reaction(s) have been added
	> 0 of them are allowed uptake reaction(s)
	> 7 metabolic reaction(s)
	> 2 reaction(s) have been made reversible
	> 4 metabolite(s) have been added to the model.

	Flux through biomass reaction:	 2.81

Total time: 15s
---------------
######	Soil750

Preparing the universal database...

	> finished adding reactions (2s)

Starting the binary search for the gap filling LP...

	> finished binary search (11s)

Gap filling successful, adding reactions to model...

	> finished adding reactions to the model (2s)


	> 8 reaction(s) in total have been added
	> 0 of the added reactions have sequence support
	> 1 transport reaction(s) have been added
		> 1 transport reaction(s) include a metabolite with high permeability
	> 0 exchange reaction(s) have been added
	> 0 of them are allowed uptake reaction(s)
	> 7 metabolic reaction(s)
	> 4 reaction(s) have been made reversible
	> 2 metabolite(s) have been added to the model.

	Flux through biomass reaction:	 2.81

Total time: 15s
---------------
######	Soil756

Preparing the universal database...

	> finished adding reactions (2s)

Starting the binary search for the gap filling LP...

	> finished binary search (11s)

Gap filling successful, adding reactions to model...

	> finished adding reactions to the model (2s)


	> 8 reaction(s) in total have been added
	> 0 of the added reactions have sequence support
	> 1 transport reaction(s) have been added
		> 1 transport reaction(s) include a metabolite with high permeability
	> 0 exchange reaction(s) have been added
	> 0 of them are allowed uptake reaction(s)
	> 7 metabolic reaction(s)
	> 2 reaction(s) have been made reversible
	> 4 metabolite(s) have been added to the model.

	Flux through biomass reaction:	 2.81

Total time: 15s
---------------
######	Soil761

Preparing the universal database...

	> finished adding reactions (2s)

Starting the binary search for the gap filling LP...

	> finished binary search (12s)

Gap filling successful, adding reactions to model...

	> finished adding reactions to the model (2s)


	> 6 reaction(s) in total have been added
	> 0 of the added reactions have sequence support
	> 1 transport reaction(s) have been added
		> 1 transport reaction(s) include a metabolite with high permeability
	> 0 exchange reaction(s) have been added
	> 0 of them are allowed uptake reaction(s)
	> 5 metabolic reaction(s)
	> 2 reaction(s) have been made reversible
	> 3 metabolite(s) have been added to the model.

	Flux through biomass reaction:	 2.81

Total time: 16s
---------------
######	Soil762

Preparing the universal database...

	> finished adding reactions (2s)

Starting the binary search for the gap filling LP...

	> finished binary search (11s)

Gap filling successful, adding reactions to model...

	> finished adding reactions to the model (2s)


	> 7 reaction(s) in total have been added
	> 0 of the added reactions have sequence support
	> 1 transport reaction(s) have been added
		> 1 transport reaction(s) include a metabolite with high permeability
	> 0 exchange reaction(s) have been added
	> 0 of them are allowed uptake reaction(s)
	> 6 metabolic reaction(s)
	> 4 reaction(s) have been made reversible
	> 2 metabolite(s) have been added to the model.

	Flux through biomass reaction:	 2.81

Total time: 15s
---------------
######	Soil763

Preparing the universal database...

	> finished adding reactions (2s)

Starting the binary search for the gap filling LP...

	> finished binary search (11s)

Gap filling successful, adding reactions to model...

	> finished adding reactions to the model (2s)


	> 6 reaction(s) in total have been added
	> 0 of the added reactions have sequence support
	> 1 transport reaction(s) have been added
		> 1 transport reaction(s) include a metabolite with high permeability
	> 0 exchange reaction(s) have been added
	> 0 of them are allowed uptake reaction(s)
	> 5 metabolic reaction(s)
	> 2 reaction(s) have been made reversible
	> 3 metabolite(s) have been added to the model.

	Flux through biomass reaction:	 2.81

Total time: 15s
---------------
######	Soil764

Preparing the universal database...

	> finished adding reactions (2s)

Starting the binary search for the gap filling LP...

	> finished binary search (10s)

Gap filling successful, adding reactions to model...

	> finished adding reactions to the model (2s)


	> 5 reaction(s) in total have been added
	> 0 of the added reactions have sequence support
	> 1 transport reaction(s) have been added
		> 1 transport reaction(s) include a metabolite with high permeability
	> 0 exchange reaction(s) have been added
	> 0 of them are allowed uptake reaction(s)
	> 4 metabolic reaction(s)
	> 2 reaction(s) have been made reversible
	> 2 metabolite(s) have been added to the model.

	Flux through biomass reaction:	 2.81

Total time: 14s
---------------
######	Soil766

Preparing the universal database...

	> finished adding reactions (2s)

Starting the binary search for the gap filling LP...

	> finished binary search (11s)

Gap filling successful, adding reactions to model...

	> finished adding reactions to the model (2s)


	> 8 reaction(s) in total have been added
	> 1 of the added reactions have sequence support
	> 1 transport reaction(s) have been added
		> 1 transport reaction(s) include a metabolite with high permeability
	> 0 exchange reaction(s) have been added
	> 0 of them are allowed uptake reaction(s)
	> 7 metabolic reaction(s)
	> 2 reaction(s) have been made reversible
	> 4 metabolite(s) have been added to the model.

	Flux through biomass reaction:	 2.81

Total time: 15s
---------------
######	Soil768D1

Preparing the universal database...

	> finished adding reactions (2s)

Starting the binary search for the gap filling LP...

	> finished binary search (12s)

Gap filling successful, adding reactions to model...

	> finished adding reactions to the model (3s)


	> 8 reaction(s) in total have been added
	> 0 of the added reactions have sequence support
	> 1 transport reaction(s) have been added
		> 1 transport reaction(s) include a metabolite with high permeability
	> 0 exchange reaction(s) have been added
	> 0 of them are allowed uptake reaction(s)
	> 7 metabolic reaction(s)
	> 2 reaction(s) have been made reversible
	> 3 metabolite(s) have been added to the model.

	Flux through biomass reaction:	 2.81

Total time: 16s
---------------
######	Soil772

Preparing the universal database...

	> finished adding reactions (2s)

Starting the binary search for the gap filling LP...

	> finished binary search (10s)

Gap filling successful, adding reactions to model...

	> finished adding reactions to the model (2s)


	> 6 reaction(s) in total have been added
	> 1 of the added reactions have sequence support
	> 1 transport reaction(s) have been added
		> 1 transport reaction(s) include a metabolite with high permeability
	> 0 exchange reaction(s) have been added
	> 0 of them are allowed uptake reaction(s)
	> 5 metabolic reaction(s)
	> 1 reaction(s) have been made reversible
	> 2 metabolite(s) have been added to the model.

	Flux through biomass reaction:	 2.81

Total time: 14s
---------------
######	Soil773

Preparing the universal database...

	> finished adding reactions (2s)

Starting the binary search for the gap filling LP...

	> finished binary search (12s)

Gap filling successful, adding reactions to model...

	> finished adding reactions to the model (2s)


	> 9 reaction(s) in total have been added
	> 0 of the added reactions have sequence support
	> 1 transport reaction(s) have been added
		> 1 transport reaction(s) include a metabolite with high permeability
	> 0 exchange reaction(s) have been added
	> 0 of them are allowed uptake reaction(s)
	> 8 metabolic reaction(s)
	> 3 reaction(s) have been made reversible
	> 3 metabolite(s) have been added to the model.

	Flux through biomass reaction:	 2.81

Total time: 16s
---------------
######	Soil774

Preparing the universal database...

	> finished adding reactions (2s)

Starting the binary search for the gap filling LP...

	> finished binary search (12s)

Gap filling successful, adding reactions to model...

	> finished adding reactions to the model (2s)


	> 6 reaction(s) in total have been added
	> 1 of the added reactions have sequence support
	> 1 transport reaction(s) have been added
		> 1 transport reaction(s) include a metabolite with high permeability
	> 0 exchange reaction(s) have been added
	> 0 of them are allowed uptake reaction(s)
	> 5 metabolic reaction(s)
	> 1 reaction(s) have been made reversible
	> 3 metabolite(s) have been added to the model.

	Flux through biomass reaction:	 2.81

Total time: 16s
---------------
######	Soil777

Preparing the universal database...

	> finished adding reactions (2s)

Starting the binary search for the gap filling LP...

	> finished binary search (13s)

Gap filling successful, adding reactions to model...

	> finished adding reactions to the model (2s)


	> 6 reaction(s) in total have been added
	> 1 of the added reactions have sequence support
	> 1 transport reaction(s) have been added
		> 1 transport reaction(s) include a metabolite with high permeability
	> 0 exchange reaction(s) have been added
	> 0 of them are allowed uptake reaction(s)
	> 5 metabolic reaction(s)
	> 2 reaction(s) have been made reversible
	> 2 metabolite(s) have been added to the model.

	Flux through biomass reaction:	 2.81

Total time: 17s
---------------
######	Soil782

Preparing the universal database...

	> finished adding reactions (2s)

Starting the binary search for the gap filling LP...

	> finished binary search (10s)

Gap filling successful, adding reactions to model...

	> finished adding reactions to the model (2s)


	> 7 reaction(s) in total have been added
	> 0 of the added reactions have sequence support
	> 1 transport reaction(s) have been added
		> 1 transport reaction(s) include a metabolite with high permeability
	> 0 exchange reaction(s) have been added
	> 0 of them are allowed uptake reaction(s)
	> 6 metabolic reaction(s)
	> 3 reaction(s) have been made reversible
	> 3 metabolite(s) have been added to the model.

	Flux through biomass reaction:	 2.81

Total time: 14s
---------------
######	Soil787

Preparing the universal database...

	> finished adding reactions (2s)

Starting the binary search for the gap filling LP...

	> finished binary search (11s)

Gap filling successful, adding reactions to model...

	> finished adding reactions to the model (2s)


	> 8 reaction(s) in total have been added
	> 0 of the added reactions have sequence support
	> 1 transport reaction(s) have been added
		> 1 transport reaction(s) include a metabolite with high permeability
	> 0 exchange reaction(s) have been added
	> 0 of them are allowed uptake reaction(s)
	> 7 metabolic reaction(s)
	> 3 reaction(s) have been made reversible
	> 3 metabolite(s) have been added to the model.

	Flux through biomass reaction:	 2.81

Total time: 15s
---------------
######	Soil796

Preparing the universal database...

	> finished adding reactions (2s)

Starting the binary search for the gap filling LP...

	> finished binary search (13s)

Gap filling successful, adding reactions to model...

	> finished adding reactions to the model (3s)


	> 8 reaction(s) in total have been added
	> 0 of the added reactions have sequence support
	> 1 transport reaction(s) have been added
		> 1 transport reaction(s) include a metabolite with high permeability
	> 0 exchange reaction(s) have been added
	> 0 of them are allowed uptake reaction(s)
	> 7 metabolic reaction(s)
	> 4 reaction(s) have been made reversible
	> 3 metabolite(s) have been added to the model.

	Flux through biomass reaction:	 2.81

Total time: 18s
---------------
######	Soil797

Preparing the universal database...

	> finished adding reactions (2s)

Starting the binary search for the gap filling LP...

	> finished binary search (13s)

Gap filling successful, adding reactions to model...

	> finished adding reactions to the model (2s)


	> 7 reaction(s) in total have been added
	> 1 of the added reactions have sequence support
	> 1 transport reaction(s) have been added
		> 1 transport reaction(s) include a metabolite with high permeability
	> 0 exchange reaction(s) have been added
	> 0 of them are allowed uptake reaction(s)
	> 6 metabolic reaction(s)
	> 2 reaction(s) have been made reversible
	> 3 metabolite(s) have been added to the model.

	Flux through biomass reaction:	 2.81

Total time: 17s
---------------
######	Soil802

Preparing the universal database...

	> finished adding reactions (2s)

Starting the binary search for the gap filling LP...

	> finished binary search (10s)

Gap filling successful, adding reactions to model...

	> finished adding reactions to the model (2s)


	> 9 reaction(s) in total have been added
	> 2 of the added reactions have sequence support
	> 1 transport reaction(s) have been added
		> 1 transport reaction(s) include a metabolite with high permeability
	> 0 exchange reaction(s) have been added
	> 0 of them are allowed uptake reaction(s)
	> 8 metabolic reaction(s)
	> 1 reaction(s) have been made reversible
	> 4 metabolite(s) have been added to the model.

	Flux through biomass reaction:	 2.81

Total time: 14s
---------------
######	Soil803

Preparing the universal database...

	> finished adding reactions (2s)

Starting the binary search for the gap filling LP...

	> finished binary search (11s)

Gap filling successful, adding reactions to model...

	> finished adding reactions to the model (2s)


	> 6 reaction(s) in total have been added
	> 0 of the added reactions have sequence support
	> 1 transport reaction(s) have been added
		> 1 transport reaction(s) include a metabolite with high permeability
	> 0 exchange reaction(s) have been added
	> 0 of them are allowed uptake reaction(s)
	> 5 metabolic reaction(s)
	> 3 reaction(s) have been made reversible
	> 2 metabolite(s) have been added to the model.

	Flux through biomass reaction:	 2.81

Total time: 15s
---------------
######	Soil805

Preparing the universal database...

	> finished adding reactions (2s)

Starting the binary search for the gap filling LP...

	> finished binary search (13s)

Gap filling successful, adding reactions to model...

	> finished adding reactions to the model (2s)


	> 5 reaction(s) in total have been added
	> 0 of the added reactions have sequence support
	> 1 transport reaction(s) have been added
		> 1 transport reaction(s) include a metabolite with high permeability
	> 0 exchange reaction(s) have been added
	> 0 of them are allowed uptake reaction(s)
	> 4 metabolic reaction(s)
	> 2 reaction(s) have been made reversible
	> 2 metabolite(s) have been added to the model.

	Flux through biomass reaction:	 2.81

Total time: 17s
---------------
######	Soil809

Preparing the universal database...

	> finished adding reactions (2s)

Starting the binary search for the gap filling LP...

	> finished binary search (12s)

Gap filling successful, adding reactions to model...

	> finished adding reactions to the model (2s)


	> 6 reaction(s) in total have been added
	> 2 of the added reactions have sequence support
	> 1 transport reaction(s) have been added
		> 1 transport reaction(s) include a metabolite with high permeability
	> 0 exchange reaction(s) have been added
	> 0 of them are allowed uptake reaction(s)
	> 5 metabolic reaction(s)
	> 1 reaction(s) have been made reversible
	> 2 metabolite(s) have been added to the model.

	Flux through biomass reaction:	 2.81

Total time: 15s
---------------
######	Soil810

Preparing the universal database...

	> finished adding reactions (2s)

Starting the binary search for the gap filling LP...

	> finished binary search (10s)

Gap filling successful, adding reactions to model...

	> finished adding reactions to the model (2s)


	> 6 reaction(s) in total have been added
	> 0 of the added reactions have sequence support
	> 1 transport reaction(s) have been added
		> 1 transport reaction(s) include a metabolite with high permeability
	> 0 exchange reaction(s) have been added
	> 0 of them are allowed uptake reaction(s)
	> 5 metabolic reaction(s)
	> 3 reaction(s) have been made reversible
	> 2 metabolite(s) have been added to the model.

	Flux through biomass reaction:	 2.81

Total time: 15s
---------------
######	Soil811

Preparing the universal database...

	> finished adding reactions (2s)

Starting the binary search for the gap filling LP...

	> finished binary search (12s)

Gap filling successful, adding reactions to model...

	> finished adding reactions to the model (2s)


	> 6 reaction(s) in total have been added
	> 0 of the added reactions have sequence support
	> 1 transport reaction(s) have been added
		> 1 transport reaction(s) include a metabolite with high permeability
	> 0 exchange reaction(s) have been added
	> 0 of them are allowed uptake reaction(s)
	> 5 metabolic reaction(s)
	> 2 reaction(s) have been made reversible
	> 2 metabolite(s) have been added to the model.

	Flux through biomass reaction:	 2.81

Total time: 16s
---------------
-----------------------------------
Finished, time: 23.47 min.
diary off
